<?xml version="1.0" encoding="UTF-8"?>
<coverage generated="1695901057911" clover="3.2.0">
  <project timestamp="1695901057911" name="All files">
    <metrics statements="5" coveredstatements="4" conditionals="2" coveredconditionals="2" methods="4" coveredmethods="3" elements="11" coveredelements="9" complexity="0" loc="5" ncloc="5" packages="1" files="1" classes="1"/>
    <file name="matematica.js" path="/Users/22282118/Documents/calculos/matematica.js">
      <metrics statements="5" coveredstatements="4" conditionals="2" coveredconditionals="2" methods="4" coveredmethods="3"/>
      <line num="2" count="1" type="stmt"/>
      <line num="5" count="2" type="stmt"/>
      <line num="8" count="0" type="stmt"/>
      <line num="12" count="6" type="cond" truecount="2" falsecount="0"/>
      <line num="15" count="1" type="stmt"/>
    </file>
  </project>
</coverage>
