{"/Users/22282118/Documents/calculos/matematica.js": {"path":"/Users/22282118/Documents/calculos/matematica.js","statementMap":{"0":{"start":{"line":2,"column":4},"end":{"line":2,"column":16}},"1":{"start":{"line":5,"column":4},"end":{"line":5,"column":16}},"2":{"start":{"line":8,"column":4},"end":{"line":8,"column":16}},"3":{"start":{"line":12,"column":4},"end":{"line":12,"column":41}},"4":{"start":{"line":15,"column":0},"end":{"line":19,"column":1}}},"fnMap":{"0":{"name":"soma","decl":{"start":{"line":1,"column":9},"end":{"line":1,"column":13}},"loc":{"start":{"line":1,"column":19},"end":{"line":3,"column":1}},"line":1},"1":{"name":"multiplicacao","decl":{"start":{"line":4,"column":9},"end":{"line":4,"column":22}},"loc":{"start":{"line":4,"column":29},"end":{"line":6,"column":1}},"line":4},"2":{"name":"subratrair","decl":{"start":{"line":7,"column":9},"end":{"line":7,"column":19}},"loc":{"start":{"line":7,"column":24},"end":{"line":9,"column":1}},"line":7},"3":{"name":"fatorial","decl":{"start":{"line":11,"column":9},"end":{"line":11,"column":17}},"loc":{"start":{"line":11,"column":21},"end":{"line":13,"column":1}},"line":11}},"branchMap":{"0":{"loc":{"start":{"line":12,"column":11},"end":{"line":12,"column":41}},"type":"cond-expr","locations":[{"start":{"line":12,"column":20},"end":{"line":12,"column":21}},{"start":{"line":12,"column":24},"end":{"line":12,"column":41}}],"line":12}},"s":{"0":1,"1":2,"2":0,"3":6,"4":1},"f":{"0":1,"1":2,"2":0,"3":6},"b":{"0":[2,4]},"_coverageSchema":"1a1c01bbd47fc00a2c39e90264f33305004495a9","hash":"25cd0d1adc24902f98776b4192aaaececbe7b0d9"}
}
